\BOOKMARK [0][-]{chapter.1}{\376\377\0001\000\040\000C\000l\000a\000s\000s\000\040\000I\000n\000d\000e\000x}{}% 1
\BOOKMARK [1][-]{section.1.1}{\376\377\0001\000.\0001\000\040\000C\000l\000a\000s\000s\000\040\000L\000i\000s\000t}{chapter.1}% 2
\BOOKMARK [0][-]{chapter.2}{\376\377\0002\000\040\000F\000i\000l\000e\000\040\000I\000n\000d\000e\000x}{}% 3
\BOOKMARK [1][-]{section.2.1}{\376\377\0002\000.\0001\000\040\000F\000i\000l\000e\000\040\000L\000i\000s\000t}{chapter.2}% 4
\BOOKMARK [0][-]{chapter.3}{\376\377\0003\000\040\000C\000l\000a\000s\000s\000\040\000D\000o\000c\000u\000m\000e\000n\000t\000a\000t\000i\000o\000n}{}% 5
\BOOKMARK [1][-]{section.3.1}{\376\377\0003\000.\0001\000\040\000g\000a\000m\000e\000i\000n\000f\000o\000\137\000s\000\040\000S\000t\000r\000u\000c\000t\000\040\000R\000e\000f\000e\000r\000e\000n\000c\000e}{chapter.3}% 6
\BOOKMARK [2][-]{subsection.3.1.1}{\376\377\0003\000.\0001\000.\0001\000\040\000D\000e\000t\000a\000i\000l\000e\000d\000\040\000D\000e\000s\000c\000r\000i\000p\000t\000i\000o\000n}{section.3.1}% 7
\BOOKMARK [2][-]{subsection.3.1.2}{\376\377\0003\000.\0001\000.\0002\000\040\000M\000e\000m\000b\000e\000r\000\040\000D\000a\000t\000a\000\040\000D\000o\000c\000u\000m\000e\000n\000t\000a\000t\000i\000o\000n}{section.3.1}% 8
\BOOKMARK [3][-]{subsubsection.3.1.2.1}{\376\377\0003\000.\0001\000.\0002\000.\0001\000\040\000c\000l\000o\000s\000e}{subsection.3.1.2}% 9
\BOOKMARK [3][-]{subsubsection.3.1.2.2}{\376\377\0003\000.\0001\000.\0002\000.\0002\000\040\000e\000n\000t\000e\000r}{subsection.3.1.2}% 10
\BOOKMARK [3][-]{subsubsection.3.1.2.3}{\376\377\0003\000.\0001\000.\0002\000.\0003\000\040\000f\000i\000n\000i\000s\000h\000T\000i\000m\000e}{subsection.3.1.2}% 11
\BOOKMARK [3][-]{subsubsection.3.1.2.4}{\376\377\0003\000.\0001\000.\0002\000.\0004\000\040\000g\000a\000m\000e\000m\000o\000d\000e}{subsection.3.1.2}% 12
\BOOKMARK [3][-]{subsubsection.3.1.2.5}{\376\377\0003\000.\0001\000.\0002\000.\0005\000\040\000s\000e\000l\000e\000c\000t}{subsection.3.1.2}% 13
\BOOKMARK [3][-]{subsubsection.3.1.2.6}{\376\377\0003\000.\0001\000.\0002\000.\0006\000\040\000s\000t\000a\000r\000t\000T\000i\000m\000e}{subsection.3.1.2}% 14
\BOOKMARK [1][-]{section.3.2}{\376\377\0003\000.\0002\000\040\000p\000l\000a\000y\000e\000r\000i\000n\000f\000o\000\137\000s\000\040\000S\000t\000r\000u\000c\000t\000\040\000R\000e\000f\000e\000r\000e\000n\000c\000e}{chapter.3}% 15
\BOOKMARK [2][-]{subsection.3.2.1}{\376\377\0003\000.\0002\000.\0001\000\040\000D\000e\000t\000a\000i\000l\000e\000d\000\040\000D\000e\000s\000c\000r\000i\000p\000t\000i\000o\000n}{section.3.2}% 16
\BOOKMARK [2][-]{subsection.3.2.2}{\376\377\0003\000.\0002\000.\0002\000\040\000M\000e\000m\000b\000e\000r\000\040\000D\000a\000t\000a\000\040\000D\000o\000c\000u\000m\000e\000n\000t\000a\000t\000i\000o\000n}{section.3.2}% 17
\BOOKMARK [3][-]{subsubsection.3.2.2.1}{\376\377\0003\000.\0002\000.\0002\000.\0001\000\040\000b\000e\000s\000t\000T\000i\000m\000e}{subsection.3.2.2}% 18
\BOOKMARK [3][-]{subsubsection.3.2.2.2}{\376\377\0003\000.\0002\000.\0002\000.\0002\000\040\000h\000a\000s\000S\000h\000i\000p}{subsection.3.2.2}% 19
\BOOKMARK [3][-]{subsubsection.3.2.2.3}{\376\377\0003\000.\0002\000.\0002\000.\0003\000\040\000l\000a\000s\000t\000T\000i\000m\000e}{subsection.3.2.2}% 20
\BOOKMARK [3][-]{subsubsection.3.2.2.4}{\376\377\0003\000.\0002\000.\0002\000.\0004\000\040\000n\000a\000m\000e}{subsection.3.2.2}% 21
\BOOKMARK [3][-]{subsubsection.3.2.2.5}{\376\377\0003\000.\0002\000.\0002\000.\0005\000\040\000s\000e\000l\000e\000c\000t\000e\000d\000S\000h\000i\000p}{subsection.3.2.2}% 22
\BOOKMARK [3][-]{subsubsection.3.2.2.6}{\376\377\0003\000.\0002\000.\0002\000.\0006\000\040\000s\000t\000a\000r\000s}{subsection.3.2.2}% 23
\BOOKMARK [1][-]{section.3.3}{\376\377\0003\000.\0003\000\040\000r\000e\000s\000o\000u\000r\000c\000e\000s\000\137\000s\000\040\000S\000t\000r\000u\000c\000t\000\040\000R\000e\000f\000e\000r\000e\000n\000c\000e}{chapter.3}% 24
\BOOKMARK [2][-]{subsection.3.3.1}{\376\377\0003\000.\0003\000.\0001\000\040\000D\000e\000t\000a\000i\000l\000e\000d\000\040\000D\000e\000s\000c\000r\000i\000p\000t\000i\000o\000n}{section.3.3}% 25
\BOOKMARK [2][-]{subsection.3.3.2}{\376\377\0003\000.\0003\000.\0002\000\040\000M\000e\000m\000b\000e\000r\000\040\000D\000a\000t\000a\000\040\000D\000o\000c\000u\000m\000e\000n\000t\000a\000t\000i\000o\000n}{section.3.3}% 26
\BOOKMARK [3][-]{subsubsection.3.3.2.1}{\376\377\0003\000.\0003\000.\0002\000.\0001\000\040\000b\000a\000c\000k\000g\000r\000o\000u\000n\000d}{subsection.3.3.2}% 27
\BOOKMARK [3][-]{subsubsection.3.3.2.2}{\376\377\0003\000.\0003\000.\0002\000.\0002\000\040\000b\000a\000c\000k\000g\000r\000o\000u\000n\000d\000\137\000m\000e\000n\000u}{subsection.3.3.2}% 28
\BOOKMARK [3][-]{subsubsection.3.3.2.3}{\376\377\0003\000.\0003\000.\0002\000.\0003\000\040\000e\000n\000n\000e\000m\000y\000\137\000s\000h\000i\000p}{subsection.3.3.2}% 29
\BOOKMARK [3][-]{subsubsection.3.3.2.4}{\376\377\0003\000.\0003\000.\0002\000.\0004\000\040\000f\000i\000n\000i\000s\000h\000\137\000l\000i\000n\000e}{subsection.3.3.2}% 30
\BOOKMARK [3][-]{subsubsection.3.3.2.5}{\376\377\0003\000.\0003\000.\0002\000.\0005\000\040\000f\000o\000n\000t}{subsection.3.3.2}% 31
\BOOKMARK [3][-]{subsubsection.3.3.2.6}{\376\377\0003\000.\0003\000.\0002\000.\0006\000\040\000f\000o\000n\000t\000\137\000m\000e\000n\000u}{subsection.3.3.2}% 32
\BOOKMARK [3][-]{subsubsection.3.3.2.7}{\376\377\0003\000.\0003\000.\0002\000.\0007\000\040\000m\000e\000t\000e\000o\000r\000i\000t\000e}{subsection.3.3.2}% 33
\BOOKMARK [3][-]{subsubsection.3.3.2.8}{\376\377\0003\000.\0003\000.\0002\000.\0008\000\040\000m\000i\000s\000s\000i\000l\000e}{subsection.3.3.2}% 34
\BOOKMARK [3][-]{subsubsection.3.3.2.9}{\376\377\0003\000.\0003\000.\0002\000.\0009\000\040\000r\000e\000t\000u\000r\000n\000\137\000m\000e\000n\000u}{subsection.3.3.2}% 35
\BOOKMARK [3][-]{subsubsection.3.3.2.10}{\376\377\0003\000.\0003\000.\0002\000.\0001\0000\000\040\000s\000e\000l\000e\000c\000t}{subsection.3.3.2}% 36
\BOOKMARK [3][-]{subsubsection.3.3.2.11}{\376\377\0003\000.\0003\000.\0002\000.\0001\0001\000\040\000s\000e\000l\000e\000c\000t\000e\000d}{subsection.3.3.2}% 37
\BOOKMARK [3][-]{subsubsection.3.3.2.12}{\376\377\0003\000.\0003\000.\0002\000.\0001\0002\000\040\000s\000h\000i\000e\000l\000d}{subsection.3.3.2}% 38
\BOOKMARK [3][-]{subsubsection.3.3.2.13}{\376\377\0003\000.\0003\000.\0002\000.\0001\0003\000\040\000s\000h\000i\000p}{subsection.3.3.2}% 39
\BOOKMARK [3][-]{subsubsection.3.3.2.14}{\376\377\0003\000.\0003\000.\0002\000.\0001\0004\000\040\000s\000h\000i\000p\0001}{subsection.3.3.2}% 40
\BOOKMARK [3][-]{subsubsection.3.3.2.15}{\376\377\0003\000.\0003\000.\0002\000.\0001\0005\000\040\000s\000h\000i\000p\0002}{subsection.3.3.2}% 41
\BOOKMARK [3][-]{subsubsection.3.3.2.16}{\376\377\0003\000.\0003\000.\0002\000.\0001\0006\000\040\000s\000h\000i\000p\0003}{subsection.3.3.2}% 42
\BOOKMARK [3][-]{subsubsection.3.3.2.17}{\376\377\0003\000.\0003\000.\0002\000.\0001\0007\000\040\000s\000h\000i\000p\0004}{subsection.3.3.2}% 43
\BOOKMARK [3][-]{subsubsection.3.3.2.18}{\376\377\0003\000.\0003\000.\0002\000.\0001\0008\000\040\000s\000t\000a\000r}{subsection.3.3.2}% 44
\BOOKMARK [3][-]{subsubsection.3.3.2.19}{\376\377\0003\000.\0003\000.\0002\000.\0001\0009\000\040\000t\000i\000m\000e}{subsection.3.3.2}% 45
\BOOKMARK [1][-]{section.3.4}{\376\377\0003\000.\0004\000\040\000s\000p\000r\000i\000t\000e\000\137\000s\000\040\000S\000t\000r\000u\000c\000t\000\040\000R\000e\000f\000e\000r\000e\000n\000c\000e}{chapter.3}% 46
\BOOKMARK [2][-]{subsection.3.4.1}{\376\377\0003\000.\0004\000.\0001\000\040\000D\000e\000t\000a\000i\000l\000e\000d\000\040\000D\000e\000s\000c\000r\000i\000p\000t\000i\000o\000n}{section.3.4}% 47
\BOOKMARK [2][-]{subsection.3.4.2}{\376\377\0003\000.\0004\000.\0002\000\040\000M\000e\000m\000b\000e\000r\000\040\000D\000a\000t\000a\000\040\000D\000o\000c\000u\000m\000e\000n\000t\000a\000t\000i\000o\000n}{section.3.4}% 48
\BOOKMARK [3][-]{subsubsection.3.4.2.1}{\376\377\0003\000.\0004\000.\0002\000.\0001\000\040\000h}{subsection.3.4.2}% 49
\BOOKMARK [3][-]{subsubsection.3.4.2.2}{\376\377\0003\000.\0004\000.\0002\000.\0002\000\040\000w}{subsection.3.4.2}% 50
\BOOKMARK [3][-]{subsubsection.3.4.2.3}{\376\377\0003\000.\0004\000.\0002\000.\0003\000\040\000x}{subsection.3.4.2}% 51
\BOOKMARK [3][-]{subsubsection.3.4.2.4}{\376\377\0003\000.\0004\000.\0002\000.\0004\000\040\000y}{subsection.3.4.2}% 52
\BOOKMARK [1][-]{section.3.5}{\376\377\0003\000.\0005\000\040\000w\000o\000r\000l\000d\000\137\000s\000\040\000S\000t\000r\000u\000c\000t\000\040\000R\000e\000f\000e\000r\000e\000n\000c\000e}{chapter.3}% 53
\BOOKMARK [2][-]{subsection.3.5.1}{\376\377\0003\000.\0005\000.\0001\000\040\000D\000e\000t\000a\000i\000l\000e\000d\000\040\000D\000e\000s\000c\000r\000i\000p\000t\000i\000o\000n}{section.3.5}% 54
\BOOKMARK [2][-]{subsection.3.5.2}{\376\377\0003\000.\0005\000.\0002\000\040\000M\000e\000m\000b\000e\000r\000\040\000D\000a\000t\000a\000\040\000D\000o\000c\000u\000m\000e\000n\000t\000a\000t\000i\000o\000n}{section.3.5}% 55
\BOOKMARK [3][-]{subsubsection.3.5.2.1}{\376\377\0003\000.\0005\000.\0002\000.\0001\000\040\000b\000o\000n\000u\000s}{subsection.3.5.2}% 56
\BOOKMARK [3][-]{subsubsection.3.5.2.2}{\376\377\0003\000.\0005\000.\0002\000.\0002\000\040\000b\000o\000n\000u\000s\000\137\000t\000y\000p\000e}{subsection.3.5.2}% 57
\BOOKMARK [3][-]{subsubsection.3.5.2.3}{\376\377\0003\000.\0005\000.\0002\000.\0003\000\040\000c\000o\000l\000l\000i\000s\000i\000o\000n}{subsection.3.5.2}% 58
\BOOKMARK [3][-]{subsubsection.3.5.2.4}{\376\377\0003\000.\0005\000.\0002\000.\0004\000\040\000c\000o\000l\000l\000i\000s\000i\000o\000n\000\137\000f\000i\000n\000i\000s\000h\000\137\000l\000i\000n\000e}{subsection.3.5.2}% 59
\BOOKMARK [3][-]{subsubsection.3.5.2.5}{\376\377\0003\000.\0005\000.\0002\000.\0005\000\040\000e\000n\000n\000e\000m\000y}{subsection.3.5.2}% 60
\BOOKMARK [3][-]{subsubsection.3.5.2.6}{\376\377\0003\000.\0005\000.\0002\000.\0006\000\040\000f\000i\000n\000i\000s\000h\000\137\000l\000i\000n\000e}{subsection.3.5.2}% 61
\BOOKMARK [3][-]{subsubsection.3.5.2.7}{\376\377\0003\000.\0005\000.\0002\000.\0007\000\040\000g\000a\000m\000e\000o\000v\000e\000r}{subsection.3.5.2}% 62
\BOOKMARK [3][-]{subsubsection.3.5.2.8}{\376\377\0003\000.\0005\000.\0002\000.\0008\000\040\000h\000a\000s\000S\000h\000i\000e\000l\000d}{subsection.3.5.2}% 63
\BOOKMARK [3][-]{subsubsection.3.5.2.9}{\376\377\0003\000.\0005\000.\0002\000.\0009\000\040\000i\000s\000\137\000b\000o\000n\000u\000s\000\137\000a\000v\000a\000i\000l\000a\000b\000l\000e}{subsection.3.5.2}% 64
\BOOKMARK [3][-]{subsubsection.3.5.2.10}{\376\377\0003\000.\0005\000.\0002\000.\0001\0000\000\040\000i\000s\000\137\000e\000n\000n\000e\000m\000y\000\137\000d\000e\000a\000d}{subsection.3.5.2}% 65
\BOOKMARK [3][-]{subsubsection.3.5.2.11}{\376\377\0003\000.\0005\000.\0002\000.\0001\0001\000\040\000i\000s\000\137\000m\000i\000s\000s\000i\000l\000e\000\137\000f\000r\000e\000e}{subsection.3.5.2}% 66
\BOOKMARK [3][-]{subsubsection.3.5.2.12}{\376\377\0003\000.\0005\000.\0002\000.\0001\0002\000\040\000m\000e\000t\000e\000o\000r\000i\000t\000e}{subsection.3.5.2}% 67
\BOOKMARK [3][-]{subsubsection.3.5.2.13}{\376\377\0003\000.\0005\000.\0002\000.\0001\0003\000\040\000m\000i\000s\000s\000i\000l\000e}{subsection.3.5.2}% 68
\BOOKMARK [3][-]{subsubsection.3.5.2.14}{\376\377\0003\000.\0005\000.\0002\000.\0001\0004\000\040\000s\000h\000i\000p}{subsection.3.5.2}% 69
\BOOKMARK [0][-]{chapter.4}{\376\377\0004\000\040\000F\000i\000l\000e\000\040\000D\000o\000c\000u\000m\000e\000n\000t\000a\000t\000i\000o\000n}{}% 70
\BOOKMARK [1][-]{section.4.1}{\376\377\0004\000.\0001\000\040\000d\000e\000f\000i\000n\000i\000t\000i\000o\000n\000.\000h\000\040\000F\000i\000l\000e\000\040\000R\000e\000f\000e\000r\000e\000n\000c\000e}{chapter.4}% 71
\BOOKMARK [1][-]{section.4.2}{\376\377\0004\000.\0002\000\040\000g\000r\000a\000p\000h\000i\000q\000u\000e\000.\000c\000\040\000F\000i\000l\000e\000\040\000R\000e\000f\000e\000r\000e\000n\000c\000e}{chapter.4}% 72
\BOOKMARK [2][-]{subsection.4.2.1}{\376\377\0004\000.\0002\000.\0001\000\040\000D\000e\000t\000a\000i\000l\000e\000d\000\040\000D\000e\000s\000c\000r\000i\000p\000t\000i\000o\000n}{section.4.2}% 73
\BOOKMARK [2][-]{subsection.4.2.2}{\376\377\0004\000.\0002\000.\0002\000\040\000F\000u\000n\000c\000t\000i\000o\000n\000\040\000D\000o\000c\000u\000m\000e\000n\000t\000a\000t\000i\000o\000n}{section.4.2}% 74
\BOOKMARK [3][-]{subsubsection.4.2.2.1}{\376\377\0004\000.\0002\000.\0002\000.\0001\000\040\000a\000p\000p\000l\000y\000\137\000b\000a\000c\000k\000g\000r\000o\000u\000n\000d\000\050\000\051}{subsection.4.2.2}% 75
\BOOKMARK [3][-]{subsubsection.4.2.2.2}{\376\377\0004\000.\0002\000.\0002\000.\0002\000\040\000a\000p\000p\000l\000y\000\137\000b\000o\000n\000u\000s\000\050\000\051}{subsection.4.2.2}% 76
\BOOKMARK [3][-]{subsubsection.4.2.2.3}{\376\377\0004\000.\0002\000.\0002\000.\0003\000\040\000a\000p\000p\000l\000y\000\137\000e\000n\000n\000e\000m\000i\000e\000s\000\050\000\051}{subsection.4.2.2}% 77
\BOOKMARK [3][-]{subsubsection.4.2.2.4}{\376\377\0004\000.\0002\000.\0002\000.\0004\000\040\000a\000p\000p\000l\000y\000\137\000m\000i\000s\000s\000i\000l\000e\000s\000\050\000\051}{subsection.4.2.2}% 78
\BOOKMARK [3][-]{subsubsection.4.2.2.5}{\376\377\0004\000.\0002\000.\0002\000.\0005\000\040\000a\000p\000p\000l\000y\000\137\000s\000p\000r\000i\000t\000e\000\050\000\051}{subsection.4.2.2}% 79
\BOOKMARK [3][-]{subsubsection.4.2.2.6}{\376\377\0004\000.\0002\000.\0002\000.\0006\000\040\000a\000p\000p\000l\000y\000\137\000t\000e\000x\000t\000s\000\050\000\051}{subsection.4.2.2}% 80
\BOOKMARK [3][-]{subsubsection.4.2.2.7}{\376\377\0004\000.\0002\000.\0002\000.\0007\000\040\000a\000p\000p\000l\000y\000\137\000w\000a\000l\000l\000s\000\050\000\051}{subsection.4.2.2}% 81
\BOOKMARK [3][-]{subsubsection.4.2.2.8}{\376\377\0004\000.\0002\000.\0002\000.\0008\000\040\000c\000l\000e\000a\000n\000\137\000r\000e\000s\000o\000u\000r\000c\000e\000s\000\050\000\051}{subsection.4.2.2}% 82
\BOOKMARK [3][-]{subsubsection.4.2.2.9}{\376\377\0004\000.\0002\000.\0002\000.\0009\000\040\000i\000n\000i\000t\000\137\000r\000e\000s\000o\000u\000r\000c\000e\000s\000\050\000\051}{subsection.4.2.2}% 83
\BOOKMARK [3][-]{subsubsection.4.2.2.10}{\376\377\0004\000.\0002\000.\0002\000.\0001\0000\000\040\000r\000e\000f\000r\000e\000s\000h\000\137\000g\000r\000a\000p\000h\000i\000c\000s\000\050\000\051}{subsection.4.2.2}% 84
\BOOKMARK [1][-]{section.4.3}{\376\377\0004\000.\0003\000\040\000g\000r\000a\000p\000h\000i\000q\000u\000e\000.\000h\000\040\000F\000i\000l\000e\000\040\000R\000e\000f\000e\000r\000e\000n\000c\000e}{chapter.4}% 85
\BOOKMARK [2][-]{subsection.4.3.1}{\376\377\0004\000.\0003\000.\0001\000\040\000D\000e\000t\000a\000i\000l\000e\000d\000\040\000D\000e\000s\000c\000r\000i\000p\000t\000i\000o\000n}{section.4.3}% 86
\BOOKMARK [2][-]{subsection.4.3.2}{\376\377\0004\000.\0003\000.\0002\000\040\000F\000u\000n\000c\000t\000i\000o\000n\000\040\000D\000o\000c\000u\000m\000e\000n\000t\000a\000t\000i\000o\000n}{section.4.3}% 87
\BOOKMARK [3][-]{subsubsection.4.3.2.1}{\376\377\0004\000.\0003\000.\0002\000.\0001\000\040\000a\000p\000p\000l\000y\000\137\000b\000a\000c\000k\000g\000r\000o\000u\000n\000d\000\050\000\051}{subsection.4.3.2}% 88
\BOOKMARK [3][-]{subsubsection.4.3.2.2}{\376\377\0004\000.\0003\000.\0002\000.\0002\000\040\000a\000p\000p\000l\000y\000\137\000b\000o\000n\000u\000s\000\050\000\051}{subsection.4.3.2}% 89
\BOOKMARK [3][-]{subsubsection.4.3.2.3}{\376\377\0004\000.\0003\000.\0002\000.\0003\000\040\000a\000p\000p\000l\000y\000\137\000e\000n\000n\000e\000m\000i\000e\000s\000\050\000\051}{subsection.4.3.2}% 90
\BOOKMARK [3][-]{subsubsection.4.3.2.4}{\376\377\0004\000.\0003\000.\0002\000.\0004\000\040\000a\000p\000p\000l\000y\000\137\000m\000i\000s\000s\000i\000l\000e\000s\000\050\000\051}{subsection.4.3.2}% 91
\BOOKMARK [3][-]{subsubsection.4.3.2.5}{\376\377\0004\000.\0003\000.\0002\000.\0005\000\040\000a\000p\000p\000l\000y\000\137\000s\000p\000r\000i\000t\000e\000\050\000\051}{subsection.4.3.2}% 92
\BOOKMARK [3][-]{subsubsection.4.3.2.6}{\376\377\0004\000.\0003\000.\0002\000.\0006\000\040\000a\000p\000p\000l\000y\000\137\000t\000e\000x\000t\000s\000\050\000\051}{subsection.4.3.2}% 93
\BOOKMARK [3][-]{subsubsection.4.3.2.7}{\376\377\0004\000.\0003\000.\0002\000.\0007\000\040\000a\000p\000p\000l\000y\000\137\000w\000a\000l\000l\000s\000\050\000\051}{subsection.4.3.2}% 94
\BOOKMARK [3][-]{subsubsection.4.3.2.8}{\376\377\0004\000.\0003\000.\0002\000.\0008\000\040\000c\000l\000e\000a\000n\000\137\000r\000e\000s\000o\000u\000r\000c\000e\000s\000\050\000\051}{subsection.4.3.2}% 95
\BOOKMARK [3][-]{subsubsection.4.3.2.9}{\376\377\0004\000.\0003\000.\0002\000.\0009\000\040\000i\000n\000i\000t\000\137\000r\000e\000s\000o\000u\000r\000c\000e\000s\000\050\000\051}{subsection.4.3.2}% 96
\BOOKMARK [3][-]{subsubsection.4.3.2.10}{\376\377\0004\000.\0003\000.\0002\000.\0001\0000\000\040\000r\000e\000f\000r\000e\000s\000h\000\137\000g\000r\000a\000p\000h\000i\000c\000s\000\050\000\051}{subsection.4.3.2}% 97
\BOOKMARK [1][-]{section.4.4}{\376\377\0004\000.\0004\000\040\000l\000o\000g\000i\000q\000u\000e\000.\000c\000\040\000F\000i\000l\000e\000\040\000R\000e\000f\000e\000r\000e\000n\000c\000e}{chapter.4}% 98
\BOOKMARK [2][-]{subsection.4.4.1}{\376\377\0004\000.\0004\000.\0001\000\040\000D\000e\000t\000a\000i\000l\000e\000d\000\040\000D\000e\000s\000c\000r\000i\000p\000t\000i\000o\000n}{section.4.4}% 99
\BOOKMARK [2][-]{subsection.4.4.2}{\376\377\0004\000.\0004\000.\0002\000\040\000F\000u\000n\000c\000t\000i\000o\000n\000\040\000D\000o\000c\000u\000m\000e\000n\000t\000a\000t\000i\000o\000n}{section.4.4}% 100
\BOOKMARK [3][-]{subsubsection.4.4.2.1}{\376\377\0004\000.\0004\000.\0002\000.\0001\000\040\000a\000b\000s\000\050\000\051}{subsection.4.4.2}% 101
\BOOKMARK [3][-]{subsubsection.4.4.2.2}{\376\377\0004\000.\0004\000.\0002\000.\0002\000\040\000d\000e\000p\000a\000s\000s\000e\000m\000e\000n\000t\000\137\000d\000\050\000\051}{subsection.4.4.2}% 102
\BOOKMARK [3][-]{subsubsection.4.4.2.3}{\376\377\0004\000.\0004\000.\0002\000.\0003\000\040\000d\000e\000p\000a\000s\000s\000e\000m\000e\000n\000t\000\137\000g\000\050\000\051}{subsection.4.4.2}% 103
\BOOKMARK [3][-]{subsubsection.4.4.2.4}{\376\377\0004\000.\0004\000.\0002\000.\0004\000\040\000h\000a\000n\000d\000l\000e\000\137\000s\000p\000r\000i\000t\000e\000s\000\137\000c\000o\000l\000l\000i\000s\000i\000o\000n\000\050\000\051}{subsection.4.4.2}% 104
\BOOKMARK [3][-]{subsubsection.4.4.2.5}{\376\377\0004\000.\0004\000.\0002\000.\0005\000\040\000i\000n\000i\000t\000\137\000b\000o\000n\000u\000s\000\050\000\051}{subsection.4.4.2}% 105
\BOOKMARK [3][-]{subsubsection.4.4.2.6}{\376\377\0004\000.\0004\000.\0002\000.\0006\000\040\000i\000n\000i\000t\000\137\000d\000a\000t\000a\000\050\000\051}{subsection.4.4.2}% 106
\BOOKMARK [3][-]{subsubsection.4.4.2.7}{\376\377\0004\000.\0004\000.\0002\000.\0007\000\040\000i\000n\000i\000t\000\137\000e\000n\000n\000e\000m\000i\000e\000s\000\050\000\051}{subsection.4.4.2}% 107
\BOOKMARK [3][-]{subsubsection.4.4.2.8}{\376\377\0004\000.\0004\000.\0002\000.\0008\000\040\000i\000n\000i\000t\000\137\000m\000i\000s\000s\000i\000l\000e\000s\000\050\000\051}{subsection.4.4.2}% 108
\BOOKMARK [3][-]{subsubsection.4.4.2.9}{\376\377\0004\000.\0004\000.\0002\000.\0009\000\040\000i\000n\000i\000t\000\137\000s\000p\000r\000i\000t\000e\000\050\000\051}{subsection.4.4.2}% 109
\BOOKMARK [3][-]{subsubsection.4.4.2.10}{\376\377\0004\000.\0004\000.\0002\000.\0001\0000\000\040\000i\000n\000i\000t\000\137\000w\000a\000l\000l\000s\000\050\000\051}{subsection.4.4.2}% 110
\BOOKMARK [3][-]{subsubsection.4.4.2.11}{\376\377\0004\000.\0004\000.\0002\000.\0001\0001\000\040\000i\000s\000\137\000g\000a\000m\000e\000\137\000o\000v\000e\000r\000\050\000\051}{subsection.4.4.2}% 111
\BOOKMARK [3][-]{subsubsection.4.4.2.12}{\376\377\0004\000.\0004\000.\0002\000.\0001\0002\000\040\000p\000r\000i\000n\000t\000\137\000s\000p\000r\000i\000t\000e\000\050\000\051}{subsection.4.4.2}% 112
\BOOKMARK [3][-]{subsubsection.4.4.2.13}{\376\377\0004\000.\0004\000.\0002\000.\0001\0003\000\040\000r\000e\000t\000r\000e\000i\000v\000e\000\137\000i\000n\000d\000e\000x\000\050\000\051}{subsection.4.4.2}% 113
\BOOKMARK [3][-]{subsubsection.4.4.2.14}{\376\377\0004\000.\0004\000.\0002\000.\0001\0004\000\040\000s\000h\000o\000o\000t\000\050\000\051}{subsection.4.4.2}% 114
\BOOKMARK [3][-]{subsubsection.4.4.2.15}{\376\377\0004\000.\0004\000.\0002\000.\0001\0005\000\040\000s\000p\000r\000i\000t\000e\000s\000\137\000c\000o\000l\000l\000i\000d\000e\000\050\000\051}{subsection.4.4.2}% 115
\BOOKMARK [3][-]{subsubsection.4.4.2.16}{\376\377\0004\000.\0004\000.\0002\000.\0001\0006\000\040\000u\000p\000d\000a\000t\000e\000\137\000d\000a\000t\000a\000\050\000\051}{subsection.4.4.2}% 116
\BOOKMARK [3][-]{subsubsection.4.4.2.17}{\376\377\0004\000.\0004\000.\0002\000.\0001\0007\000\040\000u\000p\000d\000a\000t\000e\000\137\000s\000p\000r\000i\000t\000e\000s\000\050\000\051}{subsection.4.4.2}% 117
\BOOKMARK [1][-]{section.4.5}{\376\377\0004\000.\0005\000\040\000l\000o\000g\000i\000q\000u\000e\000.\000h\000\040\000F\000i\000l\000e\000\040\000R\000e\000f\000e\000r\000e\000n\000c\000e}{chapter.4}% 118
\BOOKMARK [2][-]{subsection.4.5.1}{\376\377\0004\000.\0005\000.\0001\000\040\000D\000e\000t\000a\000i\000l\000e\000d\000\040\000D\000e\000s\000c\000r\000i\000p\000t\000i\000o\000n}{section.4.5}% 119
\BOOKMARK [2][-]{subsection.4.5.2}{\376\377\0004\000.\0005\000.\0002\000\040\000F\000u\000n\000c\000t\000i\000o\000n\000\040\000D\000o\000c\000u\000m\000e\000n\000t\000a\000t\000i\000o\000n}{section.4.5}% 120
\BOOKMARK [3][-]{subsubsection.4.5.2.1}{\376\377\0004\000.\0005\000.\0002\000.\0001\000\040\000a\000b\000s\000\050\000\051}{subsection.4.5.2}% 121
\BOOKMARK [3][-]{subsubsection.4.5.2.2}{\376\377\0004\000.\0005\000.\0002\000.\0002\000\040\000d\000e\000p\000a\000s\000s\000e\000m\000e\000n\000t\000\137\000d\000\050\000\051}{subsection.4.5.2}% 122
\BOOKMARK [3][-]{subsubsection.4.5.2.3}{\376\377\0004\000.\0005\000.\0002\000.\0003\000\040\000d\000e\000p\000a\000s\000s\000e\000m\000e\000n\000t\000\137\000g\000\050\000\051}{subsection.4.5.2}% 123
\BOOKMARK [3][-]{subsubsection.4.5.2.4}{\376\377\0004\000.\0005\000.\0002\000.\0004\000\040\000h\000a\000n\000d\000l\000e\000\137\000s\000p\000r\000i\000t\000e\000s\000\137\000c\000o\000l\000l\000i\000s\000i\000o\000n\000\050\000\051}{subsection.4.5.2}% 124
\BOOKMARK [3][-]{subsubsection.4.5.2.5}{\376\377\0004\000.\0005\000.\0002\000.\0005\000\040\000i\000n\000i\000t\000\137\000b\000o\000n\000u\000s\000\050\000\051}{subsection.4.5.2}% 125
\BOOKMARK [3][-]{subsubsection.4.5.2.6}{\376\377\0004\000.\0005\000.\0002\000.\0006\000\040\000i\000n\000i\000t\000\137\000d\000a\000t\000a\000\050\000\051}{subsection.4.5.2}% 126
\BOOKMARK [3][-]{subsubsection.4.5.2.7}{\376\377\0004\000.\0005\000.\0002\000.\0007\000\040\000i\000n\000i\000t\000\137\000e\000n\000n\000e\000m\000i\000e\000s\000\050\000\051}{subsection.4.5.2}% 127
\BOOKMARK [3][-]{subsubsection.4.5.2.8}{\376\377\0004\000.\0005\000.\0002\000.\0008\000\040\000i\000n\000i\000t\000\137\000m\000i\000s\000s\000i\000l\000e\000s\000\050\000\051}{subsection.4.5.2}% 128
\BOOKMARK [3][-]{subsubsection.4.5.2.9}{\376\377\0004\000.\0005\000.\0002\000.\0009\000\040\000i\000n\000i\000t\000\137\000s\000p\000r\000i\000t\000e\000\050\000\051}{subsection.4.5.2}% 129
\BOOKMARK [3][-]{subsubsection.4.5.2.10}{\376\377\0004\000.\0005\000.\0002\000.\0001\0000\000\040\000i\000n\000i\000t\000\137\000w\000a\000l\000l\000s\000\050\000\051}{subsection.4.5.2}% 130
\BOOKMARK [3][-]{subsubsection.4.5.2.11}{\376\377\0004\000.\0005\000.\0002\000.\0001\0001\000\040\000i\000s\000\137\000g\000a\000m\000e\000\137\000o\000v\000e\000r\000\050\000\051}{subsection.4.5.2}% 131
\BOOKMARK [3][-]{subsubsection.4.5.2.12}{\376\377\0004\000.\0005\000.\0002\000.\0001\0002\000\040\000p\000r\000i\000n\000t\000\137\000s\000p\000r\000i\000t\000e\000\050\000\051}{subsection.4.5.2}% 132
\BOOKMARK [3][-]{subsubsection.4.5.2.13}{\376\377\0004\000.\0005\000.\0002\000.\0001\0003\000\040\000r\000e\000t\000r\000e\000i\000v\000e\000\137\000i\000n\000d\000e\000x\000\050\000\051}{subsection.4.5.2}% 133
\BOOKMARK [3][-]{subsubsection.4.5.2.14}{\376\377\0004\000.\0005\000.\0002\000.\0001\0004\000\040\000s\000h\000o\000o\000t\000\050\000\051}{subsection.4.5.2}% 134
\BOOKMARK [3][-]{subsubsection.4.5.2.15}{\376\377\0004\000.\0005\000.\0002\000.\0001\0005\000\040\000s\000p\000r\000i\000t\000e\000s\000\137\000c\000o\000l\000l\000i\000d\000e\000\050\000\051}{subsection.4.5.2}% 135
\BOOKMARK [3][-]{subsubsection.4.5.2.16}{\376\377\0004\000.\0005\000.\0002\000.\0001\0006\000\040\000u\000p\000d\000a\000t\000e\000\137\000d\000a\000t\000a\000\050\000\051}{subsection.4.5.2}% 136
\BOOKMARK [3][-]{subsubsection.4.5.2.17}{\376\377\0004\000.\0005\000.\0002\000.\0001\0007\000\040\000u\000p\000d\000a\000t\000e\000\137\000s\000p\000r\000i\000t\000e\000s\000\050\000\051}{subsection.4.5.2}% 137
\BOOKMARK [1][-]{section.4.6}{\376\377\0004\000.\0006\000\040\000m\000a\000i\000n\000.\000c\000\040\000F\000i\000l\000e\000\040\000R\000e\000f\000e\000r\000e\000n\000c\000e}{chapter.4}% 138
\BOOKMARK [2][-]{subsection.4.6.1}{\376\377\0004\000.\0006\000.\0001\000\040\000D\000e\000t\000a\000i\000l\000e\000d\000\040\000D\000e\000s\000c\000r\000i\000p\000t\000i\000o\000n}{section.4.6}% 139
\BOOKMARK [1][-]{section.4.7}{\376\377\0004\000.\0007\000\040\000m\000e\000n\000u\000.\000c\000\040\000F\000i\000l\000e\000\040\000R\000e\000f\000e\000r\000e\000n\000c\000e}{chapter.4}% 140
\BOOKMARK [2][-]{subsection.4.7.1}{\376\377\0004\000.\0007\000.\0001\000\040\000D\000e\000t\000a\000i\000l\000e\000d\000\040\000D\000e\000s\000c\000r\000i\000p\000t\000i\000o\000n}{section.4.7}% 141
\BOOKMARK [2][-]{subsection.4.7.2}{\376\377\0004\000.\0007\000.\0002\000\040\000F\000u\000n\000c\000t\000i\000o\000n\000\040\000D\000o\000c\000u\000m\000e\000n\000t\000a\000t\000i\000o\000n}{section.4.7}% 142
\BOOKMARK [3][-]{subsubsection.4.7.2.1}{\376\377\0004\000.\0007\000.\0002\000.\0001\000\040\000a\000p\000p\000l\000y\000\137\000m\000e\000n\000u\000\050\000\051}{subsection.4.7.2}% 143
\BOOKMARK [3][-]{subsubsection.4.7.2.2}{\376\377\0004\000.\0007\000.\0002\000.\0002\000\040\000b\000u\000y\000\137\000s\000e\000l\000e\000c\000t\000\137\000s\000h\000i\000p\000\050\000\051}{subsection.4.7.2}% 144
\BOOKMARK [3][-]{subsubsection.4.7.2.3}{\376\377\0004\000.\0007\000.\0002\000.\0003\000\040\000m\000e\000n\000u\000\137\000c\000r\000e\000d\000i\000t\000s\000\050\000\051}{subsection.4.7.2}% 145
\BOOKMARK [3][-]{subsubsection.4.7.2.4}{\376\377\0004\000.\0007\000.\0002\000.\0004\000\040\000m\000e\000n\000u\000\137\000i\000n\000f\000o\000s\000\050\000\051}{subsection.4.7.2}% 146
\BOOKMARK [3][-]{subsubsection.4.7.2.5}{\376\377\0004\000.\0007\000.\0002\000.\0005\000\040\000m\000e\000n\000u\000\137\000m\000a\000i\000n\000\050\000\051}{subsection.4.7.2}% 147
\BOOKMARK [3][-]{subsubsection.4.7.2.6}{\376\377\0004\000.\0007\000.\0002\000.\0006\000\040\000m\000e\000n\000u\000\137\000s\000h\000o\000p\000\050\000\051}{subsection.4.7.2}% 148
\BOOKMARK [3][-]{subsubsection.4.7.2.7}{\376\377\0004\000.\0007\000.\0002\000.\0007\000\040\000p\000r\000i\000n\000t\000\137\000s\000e\000l\000e\000c\000t\000\050\000\051}{subsection.4.7.2}% 149
\BOOKMARK [3][-]{subsubsection.4.7.2.8}{\376\377\0004\000.\0007\000.\0002\000.\0008\000\040\000p\000r\000i\000n\000t\000\137\000s\000t\000a\000r\000s\000\050\000\051}{subsection.4.7.2}% 150
\BOOKMARK [1][-]{section.4.8}{\376\377\0004\000.\0008\000\040\000m\000e\000n\000u\000.\000h\000\040\000F\000i\000l\000e\000\040\000R\000e\000f\000e\000r\000e\000n\000c\000e}{chapter.4}% 151
\BOOKMARK [2][-]{subsection.4.8.1}{\376\377\0004\000.\0008\000.\0001\000\040\000D\000e\000t\000a\000i\000l\000e\000d\000\040\000D\000e\000s\000c\000r\000i\000p\000t\000i\000o\000n}{section.4.8}% 152
\BOOKMARK [2][-]{subsection.4.8.2}{\376\377\0004\000.\0008\000.\0002\000\040\000F\000u\000n\000c\000t\000i\000o\000n\000\040\000D\000o\000c\000u\000m\000e\000n\000t\000a\000t\000i\000o\000n}{section.4.8}% 153
\BOOKMARK [3][-]{subsubsection.4.8.2.1}{\376\377\0004\000.\0008\000.\0002\000.\0001\000\040\000a\000p\000p\000l\000y\000\137\000m\000e\000n\000u\000\050\000\051}{subsection.4.8.2}% 154
\BOOKMARK [3][-]{subsubsection.4.8.2.2}{\376\377\0004\000.\0008\000.\0002\000.\0002\000\040\000b\000u\000y\000\137\000s\000e\000l\000e\000c\000t\000\137\000s\000h\000i\000p\000\050\000\051}{subsection.4.8.2}% 155
\BOOKMARK [3][-]{subsubsection.4.8.2.3}{\376\377\0004\000.\0008\000.\0002\000.\0003\000\040\000m\000e\000n\000u\000\137\000c\000r\000e\000d\000i\000t\000s\000\050\000\051}{subsection.4.8.2}% 156
\BOOKMARK [3][-]{subsubsection.4.8.2.4}{\376\377\0004\000.\0008\000.\0002\000.\0004\000\040\000m\000e\000n\000u\000\137\000i\000n\000f\000o\000s\000\050\000\051}{subsection.4.8.2}% 157
\BOOKMARK [3][-]{subsubsection.4.8.2.5}{\376\377\0004\000.\0008\000.\0002\000.\0005\000\040\000m\000e\000n\000u\000\137\000m\000a\000i\000n\000\050\000\051}{subsection.4.8.2}% 158
\BOOKMARK [3][-]{subsubsection.4.8.2.6}{\376\377\0004\000.\0008\000.\0002\000.\0006\000\040\000m\000e\000n\000u\000\137\000s\000h\000o\000p\000\050\000\051}{subsection.4.8.2}% 159
\BOOKMARK [3][-]{subsubsection.4.8.2.7}{\376\377\0004\000.\0008\000.\0002\000.\0007\000\040\000p\000r\000i\000n\000t\000\137\000s\000e\000l\000e\000c\000t\000\050\000\051}{subsection.4.8.2}% 160
\BOOKMARK [3][-]{subsubsection.4.8.2.8}{\376\377\0004\000.\0008\000.\0002\000.\0008\000\040\000p\000r\000i\000n\000t\000\137\000s\000t\000a\000r\000s\000\050\000\051}{subsection.4.8.2}% 161
\BOOKMARK [1][-]{section.4.9}{\376\377\0004\000.\0009\000\040\000s\000d\000l\0002\000-\000l\000i\000g\000h\000t\000.\000c\000\040\000F\000i\000l\000e\000\040\000R\000e\000f\000e\000r\000e\000n\000c\000e}{chapter.4}% 162
\BOOKMARK [2][-]{subsection.4.9.1}{\376\377\0004\000.\0009\000.\0001\000\040\000D\000e\000t\000a\000i\000l\000e\000d\000\040\000D\000e\000s\000c\000r\000i\000p\000t\000i\000o\000n}{section.4.9}% 163
\BOOKMARK [2][-]{subsection.4.9.2}{\376\377\0004\000.\0009\000.\0002\000\040\000F\000u\000n\000c\000t\000i\000o\000n\000\040\000D\000o\000c\000u\000m\000e\000n\000t\000a\000t\000i\000o\000n}{section.4.9}% 164
\BOOKMARK [3][-]{subsubsection.4.9.2.1}{\376\377\0004\000.\0009\000.\0002\000.\0001\000\040\000a\000p\000p\000l\000y\000\137\000t\000e\000x\000t\000u\000r\000e\000\050\000\051}{subsection.4.9.2}% 165
\BOOKMARK [3][-]{subsubsection.4.9.2.2}{\376\377\0004\000.\0009\000.\0002\000.\0002\000\040\000c\000l\000e\000a\000n\000\137\000s\000d\000l\000\050\000\051}{subsection.4.9.2}% 166
\BOOKMARK [3][-]{subsubsection.4.9.2.3}{\376\377\0004\000.\0009\000.\0002\000.\0003\000\040\000c\000l\000e\000a\000n\000\137\000t\000e\000x\000t\000u\000r\000e\000\050\000\051}{subsection.4.9.2}% 167
\BOOKMARK [3][-]{subsubsection.4.9.2.4}{\376\377\0004\000.\0009\000.\0002\000.\0004\000\040\000c\000l\000e\000a\000r\000\137\000r\000e\000n\000d\000e\000r\000e\000r\000\050\000\051}{subsection.4.9.2}% 168
\BOOKMARK [3][-]{subsubsection.4.9.2.5}{\376\377\0004\000.\0009\000.\0002\000.\0005\000\040\000i\000n\000i\000t\000\137\000s\000d\000l\000\050\000\051}{subsection.4.9.2}% 169
\BOOKMARK [3][-]{subsubsection.4.9.2.6}{\376\377\0004\000.\0009\000.\0002\000.\0006\000\040\000l\000o\000a\000d\000\137\000i\000m\000a\000g\000e\000\050\000\051}{subsection.4.9.2}% 170
\BOOKMARK [3][-]{subsubsection.4.9.2.7}{\376\377\0004\000.\0009\000.\0002\000.\0007\000\040\000p\000a\000u\000s\000e\000\050\000\051}{subsection.4.9.2}% 171
\BOOKMARK [3][-]{subsubsection.4.9.2.8}{\376\377\0004\000.\0009\000.\0002\000.\0008\000\040\000u\000p\000d\000a\000t\000e\000\137\000s\000c\000r\000e\000e\000n\000\050\000\051}{subsection.4.9.2}% 172
\BOOKMARK [1][-]{section.4.10}{\376\377\0004\000.\0001\0000\000\040\000s\000d\000l\0002\000-\000l\000i\000g\000h\000t\000.\000h\000\040\000F\000i\000l\000e\000\040\000R\000e\000f\000e\000r\000e\000n\000c\000e}{chapter.4}% 173
\BOOKMARK [2][-]{subsection.4.10.1}{\376\377\0004\000.\0001\0000\000.\0001\000\040\000D\000e\000t\000a\000i\000l\000e\000d\000\040\000D\000e\000s\000c\000r\000i\000p\000t\000i\000o\000n}{section.4.10}% 174
\BOOKMARK [2][-]{subsection.4.10.2}{\376\377\0004\000.\0001\0000\000.\0002\000\040\000F\000u\000n\000c\000t\000i\000o\000n\000\040\000D\000o\000c\000u\000m\000e\000n\000t\000a\000t\000i\000o\000n}{section.4.10}% 175
\BOOKMARK [3][-]{subsubsection.4.10.2.1}{\376\377\0004\000.\0001\0000\000.\0002\000.\0001\000\040\000a\000p\000p\000l\000y\000\137\000t\000e\000x\000t\000u\000r\000e\000\050\000\051}{subsection.4.10.2}% 176
\BOOKMARK [3][-]{subsubsection.4.10.2.2}{\376\377\0004\000.\0001\0000\000.\0002\000.\0002\000\040\000c\000l\000e\000a\000n\000\137\000s\000d\000l\000\050\000\051}{subsection.4.10.2}% 177
\BOOKMARK [3][-]{subsubsection.4.10.2.3}{\376\377\0004\000.\0001\0000\000.\0002\000.\0003\000\040\000c\000l\000e\000a\000n\000\137\000t\000e\000x\000t\000u\000r\000e\000\050\000\051}{subsection.4.10.2}% 178
\BOOKMARK [3][-]{subsubsection.4.10.2.4}{\376\377\0004\000.\0001\0000\000.\0002\000.\0004\000\040\000c\000l\000e\000a\000r\000\137\000r\000e\000n\000d\000e\000r\000e\000r\000\050\000\051}{subsection.4.10.2}% 179
\BOOKMARK [3][-]{subsubsection.4.10.2.5}{\376\377\0004\000.\0001\0000\000.\0002\000.\0005\000\040\000i\000n\000i\000t\000\137\000s\000d\000l\000\050\000\051}{subsection.4.10.2}% 180
\BOOKMARK [3][-]{subsubsection.4.10.2.6}{\376\377\0004\000.\0001\0000\000.\0002\000.\0006\000\040\000l\000o\000a\000d\000\137\000i\000m\000a\000g\000e\000\050\000\051}{subsection.4.10.2}% 181
\BOOKMARK [3][-]{subsubsection.4.10.2.7}{\376\377\0004\000.\0001\0000\000.\0002\000.\0007\000\040\000p\000a\000u\000s\000e\000\050\000\051}{subsection.4.10.2}% 182
\BOOKMARK [3][-]{subsubsection.4.10.2.8}{\376\377\0004\000.\0001\0000\000.\0002\000.\0008\000\040\000u\000p\000d\000a\000t\000e\000\137\000s\000c\000r\000e\000e\000n\000\050\000\051}{subsection.4.10.2}% 183
\BOOKMARK [1][-]{section.4.11}{\376\377\0004\000.\0001\0001\000\040\000s\000d\000l\0002\000-\000t\000t\000f\000-\000l\000i\000g\000h\000t\000.\000c\000\040\000F\000i\000l\000e\000\040\000R\000e\000f\000e\000r\000e\000n\000c\000e}{chapter.4}% 184
\BOOKMARK [2][-]{subsection.4.11.1}{\376\377\0004\000.\0001\0001\000.\0001\000\040\000D\000e\000t\000a\000i\000l\000e\000d\000\040\000D\000e\000s\000c\000r\000i\000p\000t\000i\000o\000n}{section.4.11}% 185
\BOOKMARK [2][-]{subsection.4.11.2}{\376\377\0004\000.\0001\0001\000.\0002\000\040\000F\000u\000n\000c\000t\000i\000o\000n\000\040\000D\000o\000c\000u\000m\000e\000n\000t\000a\000t\000i\000o\000n}{section.4.11}% 186
\BOOKMARK [3][-]{subsubsection.4.11.2.1}{\376\377\0004\000.\0001\0001\000.\0002\000.\0001\000\040\000a\000p\000p\000l\000y\000\137\000t\000e\000x\000t\000\050\000\051}{subsection.4.11.2}% 187
\BOOKMARK [3][-]{subsubsection.4.11.2.2}{\376\377\0004\000.\0001\0001\000.\0002\000.\0002\000\040\000c\000l\000e\000a\000n\000\137\000f\000o\000n\000t\000\050\000\051}{subsection.4.11.2}% 188
\BOOKMARK [3][-]{subsubsection.4.11.2.3}{\376\377\0004\000.\0001\0001\000.\0002\000.\0003\000\040\000l\000o\000a\000d\000\137\000f\000o\000n\000t\000\050\000\051}{subsection.4.11.2}% 189
\BOOKMARK [1][-]{section.4.12}{\376\377\0004\000.\0001\0002\000\040\000s\000d\000l\0002\000-\000t\000t\000f\000-\000l\000i\000g\000h\000t\000.\000h\000\040\000F\000i\000l\000e\000\040\000R\000e\000f\000e\000r\000e\000n\000c\000e}{chapter.4}% 190
\BOOKMARK [2][-]{subsection.4.12.1}{\376\377\0004\000.\0001\0002\000.\0001\000\040\000D\000e\000t\000a\000i\000l\000e\000d\000\040\000D\000e\000s\000c\000r\000i\000p\000t\000i\000o\000n}{section.4.12}% 191
\BOOKMARK [2][-]{subsection.4.12.2}{\376\377\0004\000.\0001\0002\000.\0002\000\040\000F\000u\000n\000c\000t\000i\000o\000n\000\040\000D\000o\000c\000u\000m\000e\000n\000t\000a\000t\000i\000o\000n}{section.4.12}% 192
\BOOKMARK [3][-]{subsubsection.4.12.2.1}{\376\377\0004\000.\0001\0002\000.\0002\000.\0001\000\040\000a\000p\000p\000l\000y\000\137\000t\000e\000x\000t\000\050\000\051}{subsection.4.12.2}% 193
\BOOKMARK [3][-]{subsubsection.4.12.2.2}{\376\377\0004\000.\0001\0002\000.\0002\000.\0002\000\040\000c\000l\000e\000a\000n\000\137\000f\000o\000n\000t\000\050\000\051}{subsection.4.12.2}% 194
\BOOKMARK [3][-]{subsubsection.4.12.2.3}{\376\377\0004\000.\0001\0002\000.\0002\000.\0003\000\040\000l\000o\000a\000d\000\137\000f\000o\000n\000t\000\050\000\051}{subsection.4.12.2}% 195
\BOOKMARK [1][-]{section.4.13}{\376\377\0004\000.\0001\0003\000\040\000t\000e\000s\000t\000s\000.\000c\000\040\000F\000i\000l\000e\000\040\000R\000e\000f\000e\000r\000e\000n\000c\000e}{chapter.4}% 196
\BOOKMARK [2][-]{subsection.4.13.1}{\376\377\0004\000.\0001\0003\000.\0001\000\040\000D\000e\000t\000a\000i\000l\000e\000d\000\040\000D\000e\000s\000c\000r\000i\000p\000t\000i\000o\000n}{section.4.13}% 197
\BOOKMARK [1][-]{section.4.14}{\376\377\0004\000.\0001\0004\000\040\000t\000r\000a\000n\000s\000i\000t\000i\000o\000n\000.\000c\000\040\000F\000i\000l\000e\000\040\000R\000e\000f\000e\000r\000e\000n\000c\000e}{chapter.4}% 198
\BOOKMARK [2][-]{subsection.4.14.1}{\376\377\0004\000.\0001\0004\000.\0001\000\040\000D\000e\000t\000a\000i\000l\000e\000d\000\040\000D\000e\000s\000c\000r\000i\000p\000t\000i\000o\000n}{section.4.14}% 199
\BOOKMARK [2][-]{subsection.4.14.2}{\376\377\0004\000.\0001\0004\000.\0002\000\040\000F\000u\000n\000c\000t\000i\000o\000n\000\040\000D\000o\000c\000u\000m\000e\000n\000t\000a\000t\000i\000o\000n}{section.4.14}% 200
\BOOKMARK [3][-]{subsubsection.4.14.2.1}{\376\377\0004\000.\0001\0004\000.\0002\000.\0001\000\040\000c\000l\000e\000a\000n\000\050\000\051}{subsection.4.14.2}% 201
\BOOKMARK [3][-]{subsubsection.4.14.2.2}{\376\377\0004\000.\0001\0004\000.\0002\000.\0002\000\040\000c\000o\000n\000c\000a\000t\000\137\000a\000r\000r\000a\000y\000\137\000p\000l\000a\000y\000e\000r\000n\000a\000m\000e\000\050\000\051}{subsection.4.14.2}% 202
\BOOKMARK [3][-]{subsubsection.4.14.2.3}{\376\377\0004\000.\0001\0004\000.\0002\000.\0003\000\040\000f\000o\000r\000m\000a\000t\000t\000e\000d\000\137\000c\000h\000a\000r\000A\000r\000r\000a\000y\000\137\000t\000o\000\137\000u\000i\000n\000t\000\050\000\051}{subsection.4.14.2}% 203
\BOOKMARK [3][-]{subsubsection.4.14.2.4}{\376\377\0004\000.\0001\0004\000.\0002\000.\0004\000\040\000h\000a\000n\000d\000l\000e\000\137\000e\000v\000e\000n\000t\000s\000\050\000\051}{subsection.4.14.2}% 204
\BOOKMARK [3][-]{subsubsection.4.14.2.5}{\376\377\0004\000.\0001\0004\000.\0002\000.\0005\000\040\000i\000n\000i\000t\000\050\000\051}{subsection.4.14.2}% 205
\BOOKMARK [3][-]{subsubsection.4.14.2.6}{\376\377\0004\000.\0001\0004\000.\0002\000.\0006\000\040\000i\000n\000i\000t\000\137\000p\000l\000a\000y\000e\000r\000\050\000\051}{subsection.4.14.2}% 206
\BOOKMARK [3][-]{subsubsection.4.14.2.7}{\376\377\0004\000.\0001\0004\000.\0002\000.\0007\000\040\000s\000a\000v\000e\000\137\000i\000n\000f\000o\000\050\000\051}{subsection.4.14.2}% 207
\BOOKMARK [3][-]{subsubsection.4.14.2.8}{\376\377\0004\000.\0001\0004\000.\0002\000.\0008\000\040\000s\000a\000v\000e\000\137\000s\000c\000o\000r\000e\000\050\000\051}{subsection.4.14.2}% 208
\BOOKMARK [1][-]{section.4.15}{\376\377\0004\000.\0001\0005\000\040\000t\000r\000a\000n\000s\000i\000t\000i\000o\000n\000.\000h\000\040\000F\000i\000l\000e\000\040\000R\000e\000f\000e\000r\000e\000n\000c\000e}{chapter.4}% 209
\BOOKMARK [2][-]{subsection.4.15.1}{\376\377\0004\000.\0001\0005\000.\0001\000\040\000D\000e\000t\000a\000i\000l\000e\000d\000\040\000D\000e\000s\000c\000r\000i\000p\000t\000i\000o\000n}{section.4.15}% 210
\BOOKMARK [2][-]{subsection.4.15.2}{\376\377\0004\000.\0001\0005\000.\0002\000\040\000F\000u\000n\000c\000t\000i\000o\000n\000\040\000D\000o\000c\000u\000m\000e\000n\000t\000a\000t\000i\000o\000n}{section.4.15}% 211
\BOOKMARK [3][-]{subsubsection.4.15.2.1}{\376\377\0004\000.\0001\0005\000.\0002\000.\0001\000\040\000c\000l\000e\000a\000n\000\050\000\051}{subsection.4.15.2}% 212
\BOOKMARK [3][-]{subsubsection.4.15.2.2}{\376\377\0004\000.\0001\0005\000.\0002\000.\0002\000\040\000c\000o\000n\000c\000a\000t\000\137\000a\000r\000r\000a\000y\000\137\000p\000l\000a\000y\000e\000r\000n\000a\000m\000e\000\050\000\051}{subsection.4.15.2}% 213
\BOOKMARK [3][-]{subsubsection.4.15.2.3}{\376\377\0004\000.\0001\0005\000.\0002\000.\0003\000\040\000f\000o\000r\000m\000a\000t\000t\000e\000d\000\137\000c\000h\000a\000r\000A\000r\000r\000a\000y\000\137\000t\000o\000\137\000u\000i\000n\000t\000\050\000\051}{subsection.4.15.2}% 214
\BOOKMARK [3][-]{subsubsection.4.15.2.4}{\376\377\0004\000.\0001\0005\000.\0002\000.\0004\000\040\000h\000a\000n\000d\000l\000e\000\137\000e\000v\000e\000n\000t\000s\000\050\000\051}{subsection.4.15.2}% 215
\BOOKMARK [3][-]{subsubsection.4.15.2.5}{\376\377\0004\000.\0001\0005\000.\0002\000.\0005\000\040\000i\000n\000i\000t\000\050\000\051}{subsection.4.15.2}% 216
\BOOKMARK [3][-]{subsubsection.4.15.2.6}{\376\377\0004\000.\0001\0005\000.\0002\000.\0006\000\040\000i\000n\000i\000t\000\137\000p\000l\000a\000y\000e\000r\000\050\000\051}{subsection.4.15.2}% 217
\BOOKMARK [3][-]{subsubsection.4.15.2.7}{\376\377\0004\000.\0001\0005\000.\0002\000.\0007\000\040\000s\000a\000v\000e\000\137\000i\000n\000f\000o\000\050\000\051}{subsection.4.15.2}% 218
\BOOKMARK [3][-]{subsubsection.4.15.2.8}{\376\377\0004\000.\0001\0005\000.\0002\000.\0008\000\040\000s\000a\000v\000e\000\137\000s\000c\000o\000r\000e\000\050\000\051}{subsection.4.15.2}% 219
\BOOKMARK [0][-]{section*.24}{\376\377\000I\000n\000d\000e\000x}{}% 220
